<?xml version="1.0" encoding="UTF-8"?>
<!-- Generated by org.testng.reporters.JUnitXMLReporter -->
<testsuite ignored="0" hostname="Balaji-Venkat9" failures="0" tests="4" name="Default test" time="40.529" errors="0" timestamp="2021-05-05T11:50:09 IST">
  <testcase classname="Com.Ibm.Money.TestScrript.TestScript" name="VerifyPassword" time="1.524"/>
  <testcase classname="Com.Ibm.Money.TestScrript.TestScript" name="VerifyTitle" time="0.021"/>
  <testcase classname="Com.Ibm.Money.TestScrript.TestScript" name="VerifyUrl" time="0.006"/>
  <testcase classname="Com.Ibm.Money.TestScrript.TestScript" name="verifyEmail" time="0.204"/>
</testsuite> <!-- Default test -->
