<?xml version="1.0" encoding="UTF-8"?>
<!-- Generated by org.testng.reporters.JUnitXMLReporter -->
<testsuite ignored="0" hostname="Balaji-Venkat9" failures="0" tests="4" name="Test" time="10.386" errors="0" timestamp="2021-05-05T11:59:36 IST">
  <testcase classname="Com.Ibm.Money.TestScrript.TestScript" name="VerifyPassword" time="0.1"/>
  <testcase classname="Com.Ibm.Money.TestScrript.TestScript" name="VerifyTitle" time="0.013"/>
  <testcase classname="Com.Ibm.Money.TestScrript.TestScript" name="VerifyUrl" time="0.01"/>
  <testcase classname="Com.Ibm.Money.TestScrript.TestScript" name="verifyEmail" time="0.084"/>
</testsuite> <!-- Test -->
