<?xml version="1.0" encoding="UTF-8"?>
<testng-results ignored="0" total="4" passed="4" failed="0" skipped="0">
  <reporter-output>
  </reporter-output>
  <suite started-at="2021-05-05T11:59:26 IST" name="Suite" finished-at="2021-05-05T11:59:36 IST" duration-ms="10386">
    <groups>
    </groups>
    <test started-at="2021-05-05T11:59:26 IST" name="Test" finished-at="2021-05-05T11:59:36 IST" duration-ms="10386">
      <class name="Com.Ibm.Money.TestScrript.TestScript">
        <test-method is-config="true" signature="Setup()[pri:0, instance:Com.Ibm.Money.TestScrript.TestScript@363ee3a2]" started-at="2021-05-05T11:59:26 IST" name="Setup" finished-at="2021-05-05T11:59:36 IST" duration-ms="9908" status="PASS">
          <reporter-output>
          </reporter-output>
        </test-method> <!-- Setup -->
        <test-method signature="VerifyPassword()[pri:0, instance:Com.Ibm.Money.TestScrript.TestScript@363ee3a2]" started-at="2021-05-05T11:59:36 IST" name="VerifyPassword" finished-at="2021-05-05T11:59:36 IST" duration-ms="100" status="PASS">
          <reporter-output>
          </reporter-output>
        </test-method> <!-- VerifyPassword -->
        <test-method signature="VerifyTitle()[pri:0, instance:Com.Ibm.Money.TestScrript.TestScript@363ee3a2]" started-at="2021-05-05T11:59:36 IST" name="VerifyTitle" finished-at="2021-05-05T11:59:36 IST" duration-ms="13" status="PASS">
          <reporter-output>
          </reporter-output>
        </test-method> <!-- VerifyTitle -->
        <test-method signature="VerifyUrl()[pri:0, instance:Com.Ibm.Money.TestScrript.TestScript@363ee3a2]" started-at="2021-05-05T11:59:36 IST" name="VerifyUrl" finished-at="2021-05-05T11:59:36 IST" duration-ms="10" status="PASS">
          <reporter-output>
          </reporter-output>
        </test-method> <!-- VerifyUrl -->
        <test-method signature="verifyEmail()[pri:0, instance:Com.Ibm.Money.TestScrript.TestScript@363ee3a2]" started-at="2021-05-05T11:59:36 IST" name="verifyEmail" finished-at="2021-05-05T11:59:36 IST" duration-ms="84" status="PASS">
          <reporter-output>
          </reporter-output>
        </test-method> <!-- verifyEmail -->
        <test-method is-config="true" signature="TearDown()[pri:0, instance:Com.Ibm.Money.TestScrript.TestScript@363ee3a2]" started-at="2021-05-05T11:59:36 IST" name="TearDown" finished-at="2021-05-05T11:59:36 IST" duration-ms="234" status="PASS">
          <reporter-output>
          </reporter-output>
        </test-method> <!-- TearDown -->
      </class> <!-- Com.Ibm.Money.TestScrript.TestScript -->
    </test> <!-- Test -->
  </suite> <!-- Suite -->
</testng-results>
