<?xml version="1.0" encoding="UTF-8"?>
<testng-results ignored="0" total="4" passed="4" failed="0" skipped="0">
  <reporter-output>
  </reporter-output>
  <suite started-at="2021-05-05T11:58:40 IST" name="Suite" finished-at="2021-05-05T11:58:53 IST" duration-ms="12814">
    <groups>
    </groups>
    <test started-at="2021-05-05T11:58:40 IST" name="Test" finished-at="2021-05-05T11:58:53 IST" duration-ms="12814">
      <class name="Com.Ibm.Money.TestScrript.TestScript">
        <test-method is-config="true" signature="Setup()[pri:0, instance:Com.Ibm.Money.TestScrript.TestScript@384ad17b]" started-at="2021-05-05T11:58:40 IST" name="Setup" finished-at="2021-05-05T11:58:48 IST" duration-ms="8416" status="PASS">
          <reporter-output>
          </reporter-output>
        </test-method> <!-- Setup -->
        <test-method signature="VerifyPassword()[pri:0, instance:Com.Ibm.Money.TestScrript.TestScript@384ad17b]" started-at="2021-05-05T11:58:48 IST" name="VerifyPassword" finished-at="2021-05-05T11:58:48 IST" duration-ms="101" status="PASS">
          <reporter-output>
          </reporter-output>
        </test-method> <!-- VerifyPassword -->
        <test-method signature="VerifyTitle()[pri:0, instance:Com.Ibm.Money.TestScrript.TestScript@384ad17b]" started-at="2021-05-05T11:58:48 IST" name="VerifyTitle" finished-at="2021-05-05T11:58:48 IST" duration-ms="9" status="PASS">
          <reporter-output>
          </reporter-output>
        </test-method> <!-- VerifyTitle -->
        <test-method signature="VerifyUrl()[pri:0, instance:Com.Ibm.Money.TestScrript.TestScript@384ad17b]" started-at="2021-05-05T11:58:48 IST" name="VerifyUrl" finished-at="2021-05-05T11:58:48 IST" duration-ms="10" status="PASS">
          <reporter-output>
          </reporter-output>
        </test-method> <!-- VerifyUrl -->
        <test-method signature="verifyEmail()[pri:0, instance:Com.Ibm.Money.TestScrript.TestScript@384ad17b]" started-at="2021-05-05T11:58:48 IST" name="verifyEmail" finished-at="2021-05-05T11:58:49 IST" duration-ms="93" status="PASS">
          <reporter-output>
          </reporter-output>
        </test-method> <!-- verifyEmail -->
        <test-method is-config="true" signature="TearDown()[pri:0, instance:Com.Ibm.Money.TestScrript.TestScript@384ad17b]" started-at="2021-05-05T11:58:49 IST" name="TearDown" finished-at="2021-05-05T11:58:53 IST" duration-ms="4146" status="PASS">
          <reporter-output>
          </reporter-output>
        </test-method> <!-- TearDown -->
      </class> <!-- Com.Ibm.Money.TestScrript.TestScript -->
    </test> <!-- Test -->
  </suite> <!-- Suite -->
</testng-results>
